0 info it worked if it ends with ok
1 verbose cli [ '/usr/local/bin/node',
1 verbose cli   '/usr/local/bin/npm',
1 verbose cli   'install',
1 verbose cli   '-g',
1 verbose cli   'homebrew' ]
2 info using npm@3.10.3
3 info using node@v6.3.1
4 silly loadCurrentTree Starting
5 silly install loadCurrentTree
6 silly install readGlobalPackageData
7 silly fetchPackageMetaData homebrew
8 silly fetchNamedPackageData homebrew
9 silly mapToRegistry name homebrew
10 silly mapToRegistry using default registry
11 silly mapToRegistry registry https://registry.npmjs.org/
12 silly mapToRegistry data Result {
12 silly mapToRegistry   raw: 'homebrew',
12 silly mapToRegistry   scope: null,
12 silly mapToRegistry   escapedName: 'homebrew',
12 silly mapToRegistry   name: 'homebrew',
12 silly mapToRegistry   rawSpec: '',
12 silly mapToRegistry   spec: 'latest',
12 silly mapToRegistry   type: 'tag' }
13 silly mapToRegistry uri https://registry.npmjs.org/homebrew
14 verbose request uri https://registry.npmjs.org/homebrew
15 verbose request no auth needed
16 info attempt registry request try #1 at 11:50:21 PM
17 verbose request id 8734c1e51506f4a0
18 http request GET https://registry.npmjs.org/homebrew
19 http 200 https://registry.npmjs.org/homebrew
20 verbose headers { server: 'nginx/1.10.1',
20 verbose headers   'content-type': 'application/json',
20 verbose headers   'last-modified': 'Wed, 18 Mar 2015 13:10:29 GMT',
20 verbose headers   etag: 'W/"55097945-fea"',
20 verbose headers   'content-encoding': 'gzip',
20 verbose headers   'cache-control': 'max-age=300',
20 verbose headers   'content-length': '1012',
20 verbose headers   'accept-ranges': 'bytes',
20 verbose headers   date: 'Sat, 19 Nov 2016 05:50:29 GMT',
20 verbose headers   via: '1.1 varnish',
20 verbose headers   age: '0',
20 verbose headers   connection: 'keep-alive',
20 verbose headers   'x-served-by': 'cache-dfw1839-DFW',
20 verbose headers   'x-cache': 'MISS',
20 verbose headers   'x-cache-hits': '0',
20 verbose headers   'x-timer': 'S1479534629.204122,VS0,VE170',
20 verbose headers   vary: 'Accept-Encoding' }
21 silly get cb [ 200,
21 silly get   { server: 'nginx/1.10.1',
21 silly get     'content-type': 'application/json',
21 silly get     'last-modified': 'Wed, 18 Mar 2015 13:10:29 GMT',
21 silly get     etag: 'W/"55097945-fea"',
21 silly get     'content-encoding': 'gzip',
21 silly get     'cache-control': 'max-age=300',
21 silly get     'content-length': '1012',
21 silly get     'accept-ranges': 'bytes',
21 silly get     date: 'Sat, 19 Nov 2016 05:50:29 GMT',
21 silly get     via: '1.1 varnish',
21 silly get     age: '0',
21 silly get     connection: 'keep-alive',
21 silly get     'x-served-by': 'cache-dfw1839-DFW',
21 silly get     'x-cache': 'MISS',
21 silly get     'x-cache-hits': '0',
21 silly get     'x-timer': 'S1479534629.204122,VS0,VE170',
21 silly get     vary: 'Accept-Encoding' } ]
22 verbose get saving homebrew to /Users/Tora1024/.npm/registry.npmjs.org/homebrew/.cache.json
23 verbose correctMkdir /Users/Tora1024/.npm correctMkdir not in flight; initializing
24 silly install normalizeTree
25 silly loadCurrentTree Finishing
26 silly loadIdealTree Starting
27 silly install loadIdealTree
28 silly cloneCurrentTree Starting
29 silly install cloneCurrentTreeToIdealTree
30 silly cloneCurrentTree Finishing
31 silly loadShrinkwrap Starting
32 silly install loadShrinkwrap
33 silly loadShrinkwrap Finishing
34 silly loadAllDepsIntoIdealTree Starting
35 silly install loadAllDepsIntoIdealTree
36 silly resolveWithNewModule homebrew@0.1.0 checking installable status
37 silly cache add args [ 'homebrew', null ]
38 verbose cache add spec homebrew
39 silly cache add parsed spec Result {
39 silly cache add   raw: 'homebrew',
39 silly cache add   scope: null,
39 silly cache add   escapedName: 'homebrew',
39 silly cache add   name: 'homebrew',
39 silly cache add   rawSpec: '',
39 silly cache add   spec: 'latest',
39 silly cache add   type: 'tag' }
40 silly addNamed homebrew@latest
41 verbose addNamed "latest" is being treated as a dist-tag for homebrew
42 info addNameTag [ 'homebrew', 'latest' ]
43 silly mapToRegistry name homebrew
44 silly mapToRegistry using default registry
45 silly mapToRegistry registry https://registry.npmjs.org/
46 silly mapToRegistry data Result {
46 silly mapToRegistry   raw: 'homebrew',
46 silly mapToRegistry   scope: null,
46 silly mapToRegistry   escapedName: 'homebrew',
46 silly mapToRegistry   name: 'homebrew',
46 silly mapToRegistry   rawSpec: '',
46 silly mapToRegistry   spec: 'latest',
46 silly mapToRegistry   type: 'tag' }
47 silly mapToRegistry uri https://registry.npmjs.org/homebrew
48 verbose addNameTag registry:https://registry.npmjs.org/homebrew not in flight; fetching
49 verbose get https://registry.npmjs.org/homebrew not expired, no request
50 silly addNameTag next cb for homebrew with tag latest
51 silly addNamed homebrew@0.1.0
52 verbose addNamed "0.1.0" is a plain semver version for homebrew
53 silly mapToRegistry name homebrew
54 silly mapToRegistry using default registry
55 silly mapToRegistry registry https://registry.npmjs.org/
56 silly mapToRegistry data Result {
56 silly mapToRegistry   raw: 'homebrew',
56 silly mapToRegistry   scope: null,
56 silly mapToRegistry   escapedName: 'homebrew',
56 silly mapToRegistry   name: 'homebrew',
56 silly mapToRegistry   rawSpec: '',
56 silly mapToRegistry   spec: 'latest',
56 silly mapToRegistry   type: 'tag' }
57 silly mapToRegistry uri https://registry.npmjs.org/homebrew
58 verbose addRemoteTarball https://registry.npmjs.org/homebrew/-/homebrew-0.1.0.tgz not in flight; adding
59 verbose addRemoteTarball [ 'https://registry.npmjs.org/homebrew/-/homebrew-0.1.0.tgz',
59 verbose addRemoteTarball   'cf898055ed935acf00da696a9078877f27c4ad57' ]
60 info retry fetch attempt 1 at 11:50:28 PM
61 info attempt registry request try #1 at 11:50:28 PM
62 http fetch GET https://registry.npmjs.org/homebrew/-/homebrew-0.1.0.tgz
63 http fetch 200 https://registry.npmjs.org/homebrew/-/homebrew-0.1.0.tgz
64 silly fetchAndShaCheck shasum cf898055ed935acf00da696a9078877f27c4ad57
65 verbose addTmpTarball /tmp/npm-32721-172b537c/registry.npmjs.org/homebrew/-/homebrew-0.1.0.tgz not in flight; adding
66 verbose addTmpTarball already have metadata; skipping unpack for homebrew@0.1.0
67 verbose correctMkdir /Users/Tora1024/.npm correctMkdir not in flight; initializing
68 silly cache afterAdd homebrew@0.1.0
69 verbose afterAdd /Users/Tora1024/.npm/homebrew/0.1.0/package/package.json not in flight; writing
70 verbose correctMkdir /Users/Tora1024/.npm correctMkdir not in flight; initializing
71 verbose afterAdd /Users/Tora1024/.npm/homebrew/0.1.0/package/package.json written
72 silly loadAllDepsIntoIdealTree Finishing
73 silly loadIdealTree Finishing
74 silly currentTree lib
75 silly idealTree lib
75 silly idealTree └── homebrew@0.1.0
76 silly generateActionsToTake Starting
77 silly install generateActionsToTake
78 silly generateActionsToTake Finishing
79 silly diffTrees action count 1
80 silly diffTrees add homebrew@0.1.0
81 silly decomposeActions action count 8
82 silly decomposeActions fetch homebrew@0.1.0
83 silly decomposeActions extract homebrew@0.1.0
84 silly decomposeActions test homebrew@0.1.0
85 silly decomposeActions preinstall homebrew@0.1.0
86 silly decomposeActions build homebrew@0.1.0
87 silly decomposeActions install homebrew@0.1.0
88 silly decomposeActions postinstall homebrew@0.1.0
89 silly decomposeActions finalize homebrew@0.1.0
90 silly executeActions Starting
91 silly install executeActions
92 silly doSerial global-install 0
93 silly doParallel fetch 1
94 verbose correctMkdir /Users/Tora1024/.npm/_locks correctMkdir not in flight; initializing
95 verbose lock using /Users/Tora1024/.npm/_locks/staging-3a08f0df5026584d.lock for /usr/local/lib/node_modules/.staging
96 silly doParallel extract 1
97 silly extract homebrew@0.1.0
98 verbose unbuild lib/node_modules/.staging/homebrew-1e5756e0
99 silly gentlyRm /usr/local/lib/node_modules/.staging/homebrew-1e5756e0 is being purged from base /usr/local
100 verbose gentlyRm don't care about contents; nuking /usr/local/lib/node_modules/.staging/homebrew-1e5756e0
101 verbose tar unpack /Users/Tora1024/.npm/homebrew/0.1.0/package.tgz
102 verbose tar unpacking to /usr/local/lib/node_modules/.staging/homebrew-1e5756e0
103 silly gentlyRm /usr/local/lib/node_modules/.staging/homebrew-1e5756e0 is being purged
104 verbose gentlyRm don't care about contents; nuking /usr/local/lib/node_modules/.staging/homebrew-1e5756e0
105 silly gunzTarPerm modes [ '755', '644' ]
106 silly gunzTarPerm extractEntry package.json
107 silly gunzTarPerm extractEntry README.md
108 silly gentlyRm /usr/local/lib/node_modules/.staging/homebrew-1e5756e0/node_modules is being purged
109 verbose gentlyRm don't care about contents; nuking /usr/local/lib/node_modules/.staging/homebrew-1e5756e0/node_modules
110 silly doParallel preinstall 1
111 silly preinstall homebrew@0.1.0 /usr/local/lib/node_modules/.staging/homebrew-1e5756e0
112 info lifecycle homebrew@0.1.0~preinstall: homebrew@0.1.0
113 silly lifecycle homebrew@0.1.0~preinstall: no script for preinstall, continuing
114 silly doReverseSerial remove 0
115 silly doSerial move 0
116 silly doSerial finalize 1
117 silly finalize /usr/local/lib/node_modules/homebrew
118 silly doSerial build 1
119 silly build homebrew@0.1.0
120 info linkStuff homebrew@0.1.0
121 silly linkStuff homebrew@0.1.0 has /usr/local/lib/node_modules as its parent node_modules
122 silly linkStuff homebrew@0.1.0 is part of a global install
123 silly linkStuff homebrew@0.1.0 is installed into a global node_modules
124 silly linkStuff homebrew@0.1.0 is installed into the top-level global node_modules
125 verbose linkBins homebrew@0.1.0
126 verbose linkMans homebrew@0.1.0
127 silly doSerial global-link 0
128 silly doParallel update-linked 0
129 silly doSerial install 1
130 silly install homebrew@0.1.0 /usr/local/lib/node_modules/.staging/homebrew-1e5756e0
131 info lifecycle homebrew@0.1.0~install: homebrew@0.1.0
132 silly lifecycle homebrew@0.1.0~install: no script for install, continuing
133 silly doSerial postinstall 1
134 silly postinstall homebrew@0.1.0 /usr/local/lib/node_modules/.staging/homebrew-1e5756e0
135 info lifecycle homebrew@0.1.0~postinstall: homebrew@0.1.0
136 verbose lifecycle homebrew@0.1.0~postinstall: unsafe-perm in lifecycle false
137 verbose lifecycle homebrew@0.1.0~postinstall: PATH: /usr/local/lib/node_modules/npm/bin/node-gyp-bin:/usr/local/lib/node_modules/homebrew/node_modules/.bin:/usr/local/lib/node_modules/.bin:/usr/local/bin:/usr/local/bin:/usr/bin:/bin:/usr/sbin:/sbin
138 verbose lifecycle homebrew@0.1.0~postinstall: CWD: /usr/local/lib/node_modules/homebrew
139 silly lifecycle homebrew@0.1.0~postinstall: Args: [ '-c',
139 silly lifecycle   'ruby -e "$(curl -fsSL https://raw.githubusercontent.com/Homebrew/install/master/install)"' ]
140 silly lifecycle homebrew@0.1.0~postinstall: Returned: code: 1  signal: null
141 info lifecycle homebrew@0.1.0~postinstall: Failed to exec postinstall script
142 verbose unlock done using /Users/Tora1024/.npm/_locks/staging-3a08f0df5026584d.lock for /usr/local/lib/node_modules/.staging
143 silly rollbackFailedOptional Starting
144 silly rollbackFailedOptional Finishing
145 silly runTopLevelLifecycles Starting
146 silly runTopLevelLifecycles Finishing
147 silly install printInstalled
148 verbose stack Error: homebrew@0.1.0 postinstall: `ruby -e "$(curl -fsSL https://raw.githubusercontent.com/Homebrew/install/master/install)"`
148 verbose stack Exit status 1
148 verbose stack     at EventEmitter.<anonymous> (/usr/local/lib/node_modules/npm/lib/utils/lifecycle.js:242:16)
148 verbose stack     at emitTwo (events.js:106:13)
148 verbose stack     at EventEmitter.emit (events.js:191:7)
148 verbose stack     at ChildProcess.<anonymous> (/usr/local/lib/node_modules/npm/lib/utils/spawn.js:40:14)
148 verbose stack     at emitTwo (events.js:106:13)
148 verbose stack     at ChildProcess.emit (events.js:191:7)
148 verbose stack     at maybeClose (internal/child_process.js:852:16)
148 verbose stack     at Process.ChildProcess._handle.onexit (internal/child_process.js:215:5)
149 verbose pkgid homebrew@0.1.0
150 verbose cwd /Users/Tora1024/DEVELOPMENT/Personal-Repo/API Server/server
151 error Darwin 15.6.0
152 error argv "/usr/local/bin/node" "/usr/local/bin/npm" "install" "-g" "homebrew"
153 error node v6.3.1
154 error npm  v3.10.3
155 error code ELIFECYCLE
156 error homebrew@0.1.0 postinstall: `ruby -e "$(curl -fsSL https://raw.githubusercontent.com/Homebrew/install/master/install)"`
156 error Exit status 1
157 error Failed at the homebrew@0.1.0 postinstall script 'ruby -e "$(curl -fsSL https://raw.githubusercontent.com/Homebrew/install/master/install)"'.
157 error Make sure you have the latest version of node.js and npm installed.
157 error If you do, this is most likely a problem with the homebrew package,
157 error not with npm itself.
157 error Tell the author that this fails on your system:
157 error     ruby -e "$(curl -fsSL https://raw.githubusercontent.com/Homebrew/install/master/install)"
157 error You can get information on how to open an issue for this project with:
157 error     npm bugs homebrew
157 error Or if that isn't available, you can get their info via:
157 error     npm owner ls homebrew
157 error There is likely additional logging output above.
158 verbose exit [ 1, true ]
